date: 2014-04-21 23:39:27.753
argv: D:\Program Files\nodejs\\node.exe D:\Program Files\nodejs\node_modules\hexo\bin\hexo d
os: Windows_NT 6.2.9200 win32 ia32
version:
  hexo: 2.5.2
  http_parser: 1.0
  node: 0.10.26
  v8: 3.14.5.9
  ares: 1.9.0-DEV
  uv: 0.10.25
  zlib: 1.2.3
  modules: 11
  openssl: 1.0.1e
---

[debug] 23:39:27.647 Config file loaded
[debug] 23:39:27.649 Version info checked successfully
[debug] 23:39:27.674 Loading database.
[debug] 23:39:27.721 Plugin loaded successfully: hexo-livereload
[info] 23:39:27.723 Start deploying: github
[info] 23:39:27.726 Setting up GitHub deployment...
[error] 23:39:27.729 Error: spawn ENOENT
Error: spawn ENOENT
    at errnoException (child_process.js:988:11)
    at Process.ChildProcess._handle.onexit (child_process.js:779:34)
